{
  "RSpec": {
    "coverage": {
      "/Users/HKP/Dropbox/Projects/week02/oystercard/spec/feature_spec.rb": [
        1,
        null,
        1,
        null,
        1,
        1,
        1,
        1,
        1
      ],
      "/Users/HKP/Dropbox/Projects/week02/oystercard/lib/oystercard.rb": [
        null,
        null,
        1,
        null,
        1,
        null,
        1,
        1,
        null,
        1,
        11,
        11,
        null,
        null,
        1,
        6,
        6,
        5,
        null,
        null,
        1,
        3,
        2,
        null,
        null,
        1,
        4,
        null,
        null,
        1,
        2,
        2,
        2,
        null,
        null,
        1,
        null,
        1,
        2,
        null,
        null,
        1,
        3,
        3,
        null,
        null,
        1,
        2,
        null,
        null
      ],
      "/Users/HKP/Dropbox/Projects/week02/oystercard/spec/oystercard_spec.rb": [
        1,
        null,
        1,
        null,
        11,
        4,
        3,
        1,
        1,
        null,
        1,
        1,
        1,
        null,
        null,
        1,
        1,
        null,
        null,
        1,
        1,
        null,
        null,
        null,
        1,
        null,
        null,
        null,
        null,
        null,
        1,
        1,
        4,
        null,
        null,
        1,
        1,
        2,
        null,
        null,
        null,
        1,
        null,
        1,
        1,
        4,
        null,
        null,
        1,
        1,
        2,
        null,
        null,
        null,
        1,
        1,
        2,
        null,
        null,
        null,
        1,
        1,
        4,
        null,
        null,
        1,
        1,
        1,
        1,
        4,
        null,
        null,
        null,
        null
      ],
      "/Users/HKP/Dropbox/Projects/week02/oystercard/spec/station_spec.rb": [
        1,
        1,
        null,
        3,
        null,
        1,
        1,
        null,
        null,
        1,
        1,
        null,
        null
      ],
      "/Users/HKP/Dropbox/Projects/week02/oystercard/lib/station.rb": [
        1,
        null,
        1,
        null,
        1,
        2,
        2,
        null,
        null
      ]
    },
    "timestamp": 1457517945
  }
}
